<?xml version="1.0" encoding="UTF-8"?>
<testsuite name="org.example.MainTest" tests="3" skipped="0" failures="0" errors="0" timestamp="2021-03-08T16:02:10" hostname="MSI-AKS" time="0.04">
  <properties/>
  <testcase name="[1] [1, 2, 4, 4, 2, 3, 4, 1, 7], [1, 7]" classname="org.example.MainTest" time="0.034"/>
  <testcase name="[2] [3, 8, 4, 2, 9, 1, 3, 8], [2, 9, 1, 3, 8]" classname="org.example.MainTest" time="0.001"/>
  <testcase name="[3] [6, 4, 7], [7]" classname="org.example.MainTest" time="0.0"/>
  <system-out><![CDATA[]]></system-out>
  <system-err><![CDATA[]]></system-err>
</testsuite>
